[   212.169] _XSERVTransSocketUNIXCreateListener: ...SocketCreateListener() failed
[   212.169] _XSERVTransMakeAllCOTSServerListeners: server already running
[   212.170] (--) Log file renamed from "/home/student/.local/share/xorg/Xorg.pid-2253.log" to "/home/student/.local/share/xorg/Xorg.1.log"
[   212.171] 
X.Org X Server 1.20.3
X Protocol Version 11, Revision 0
[   212.171] Build Operating System:  4.14.0-49.el7a.noaead.x86_64 
[   212.171] Current Operating System: Linux workstation.lab.example.com 4.18.0-147.5.1.el8_1.x86_64 #1 SMP Tue Jan 14 15:50:19 UTC 2020 x86_64
[   212.171] Kernel command line: BOOT_IMAGE=(hd0,msdos1)/boot/vmlinuz-4.18.0-147.5.1.el8_1.x86_64 root=UUID=f7614c41-2835-4125-bb13-50772dc2f30c ro console=ttyS0 console=ttyS0,115200n8 no_timer_check net.ifnames=0 crashkernel=auto
[   212.171] Build Date: 13 September 2019  02:55:13PM
[   212.171] Build ID: xorg-x11-server 1.20.3-11.el8 
[   212.171] Current version of pixman: 0.36.0
[   212.171] 	Before reporting problems, check http://wiki.x.org
	to make sure that you have the latest version.
[   212.171] Markers: (--) probed, (**) from config file, (==) default setting,
	(++) from command line, (!!) notice, (II) informational,
	(WW) warning, (EE) error, (NI) not implemented, (??) unknown.
[   212.171] (==) Log file: "/home/student/.local/share/xorg/Xorg.1.log", Time: Sun Mar 28 15:59:48 2021
[   212.171] (==) Using system config directory "/usr/share/X11/xorg.conf.d"
[   212.172] (==) No Layout section.  Using the first Screen section.
[   212.172] (==) No screen section available. Using defaults.
[   212.172] (**) |-->Screen "Default Screen Section" (0)
[   212.172] (**) |   |-->Monitor "<default monitor>"
[   212.172] (==) No monitor specified for screen "Default Screen Section".
	Using a default monitor configuration.
[   212.172] (==) Automatically adding devices
[   212.172] (==) Automatically enabling devices
[   212.172] (==) Automatically adding GPU devices
[   212.172] (==) Automatically binding GPU devices
[   212.172] (==) Max clients allowed: 256, resource mask: 0x1fffff
[   212.172] (==) FontPath set to:
	catalogue:/etc/X11/fontpath.d,
	built-ins
[   212.172] (==) ModulePath set to "/usr/lib64/xorg/modules"
[   212.172] (II) The server relies on udev to provide the list of input devices.
	If no devices become available, reconfigure udev or disable AutoAddDevices.
[   212.172] (II) Loader magic: 0x55e50a5e1020
[   212.172] (II) Module ABI versions:
[   212.172] 	X.Org ANSI C Emulation: 0.4
[   212.172] 	X.Org Video Driver: 24.0
[   212.172] 	X.Org XInput driver : 24.1
[   212.172] 	X.Org Server Extension : 10.0
[   212.173] (++) using VT number 2

[   212.178] (II) systemd-logind: took control of session /org/freedesktop/login1/session/_32
[   212.179] (II) xfree86: Adding drm device (/dev/dri/card0)
[   212.179] (II) Platform probe for /sys/devices/pci0000:00/0000:00:02.0/drm/card0
[   212.180] (II) systemd-logind: got fd for /dev/dri/card0 226:0 fd 13 paused 0
[   212.182] (--) PCI:*(0@0:2:0) 1234:1111:1af4:1100 rev 2, Mem @ 0xfd000000/16777216, 0xfebd0000/4096, BIOS @ 0x????????/65536
[   212.182] (II) LoadModule: "glx"
[   212.182] (II) Loading /usr/lib64/xorg/modules/extensions/libglx.so
[   212.185] (II) Module glx: vendor="X.Org Foundation"
[   212.185] 	compiled for 1.20.3, module version = 1.0.0
[   212.185] 	ABI class: X.Org Server Extension, version 10.0
[   212.185] (==) Matched modesetting as autoconfigured driver 0
[   212.185] (==) Matched fbdev as autoconfigured driver 1
[   212.185] (==) Matched vesa as autoconfigured driver 2
[   212.185] (==) Assigned the driver to the xf86ConfigLayout
[   212.185] (II) LoadModule: "modesetting"
[   212.185] (II) Loading /usr/lib64/xorg/modules/drivers/modesetting_drv.so
[   212.185] (II) Module modesetting: vendor="X.Org Foundation"
[   212.185] 	compiled for 1.20.3, module version = 1.20.3
[   212.185] 	Module class: X.Org Video Driver
[   212.185] 	ABI class: X.Org Video Driver, version 24.0
[   212.185] (II) LoadModule: "fbdev"
[   212.185] (II) Loading /usr/lib64/xorg/modules/drivers/fbdev_drv.so
[   212.185] (II) Module fbdev: vendor="X.Org Foundation"
[   212.185] 	compiled for 1.20.1, module version = 0.5.0
[   212.185] 	Module class: X.Org Video Driver
[   212.185] 	ABI class: X.Org Video Driver, version 24.0
[   212.185] (II) LoadModule: "vesa"
[   212.185] (II) Loading /usr/lib64/xorg/modules/drivers/vesa_drv.so
[   212.185] (II) Module vesa: vendor="X.Org Foundation"
[   212.185] 	compiled for 1.20.2, module version = 2.4.0
[   212.185] 	Module class: X.Org Video Driver
[   212.185] 	ABI class: X.Org Video Driver, version 24.0
[   212.185] (II) modesetting: Driver for Modesetting Kernel Drivers: kms
[   212.185] (II) FBDEV: driver for framebuffer: fbdev
[   212.186] (II) VESA: driver for VESA chipsets: vesa
[   212.186] xf86EnableIOPorts: failed to set IOPL for I/O (Operation not permitted)
[   212.186] (II) modeset(0): using drv /dev/dri/card0
[   212.186] (WW) Falling back to old probe method for fbdev
[   212.186] (II) Loading sub module "fbdevhw"
[   212.186] (II) LoadModule: "fbdevhw"
[   212.186] (II) Loading /usr/lib64/xorg/modules/libfbdevhw.so
[   212.186] (II) Module fbdevhw: vendor="X.Org Foundation"
[   212.186] 	compiled for 1.20.3, module version = 0.0.2
[   212.186] 	ABI class: X.Org Video Driver, version 24.0
[   212.186] (EE) open /dev/fb0: Permission denied
[   212.186] (WW) VGA arbiter: cannot open kernel arbiter, no multi-card support
[   212.186] (II) modeset(0): Creating default Display subsection in Screen section
	"Default Screen Section" for depth/fbbpp 24/32
[   212.186] (==) modeset(0): Depth 24, (==) framebuffer bpp 32
[   212.186] (==) modeset(0): RGB weight 888
[   212.186] (==) modeset(0): Default visual is TrueColor
[   212.186] (II) Loading sub module "glamoregl"
[   212.186] (II) LoadModule: "glamoregl"
[   212.186] (II) Loading /usr/lib64/xorg/modules/libglamoregl.so
[   212.190] (II) Module glamoregl: vendor="X.Org Foundation"
[   212.190] 	compiled for 1.20.3, module version = 1.0.1
[   212.190] 	ABI class: X.Org ANSI C Emulation, version 0.4
[   212.259] (II) modeset(0): Refusing to try glamor on llvmpipe
[   212.260] (EE) modeset(0): glamor initialization failed
[   212.260] (II) modeset(0): ShadowFB: preferred NO, enabled NO
[   212.260] (II) modeset(0): Output Virtual-1 has no monitor section
[   212.260] (II) modeset(0): EDID for output Virtual-1
[   212.260] (II) modeset(0): Printing probed modes for output Virtual-1
[   212.260] (II) modeset(0): Modeline "1024x768"x60.0   65.00  1024 1048 1184 1344  768 771 777 806 -hsync -vsync (48.4 kHz eP)
[   212.260] (II) modeset(0): Modeline "1920x1080"x60.0  148.50  1920 2008 2052 2200  1080 1084 1089 1125 -hsync -vsync (67.5 kHz e)
[   212.260] (II) modeset(0): Modeline "1600x1200"x60.0  162.00  1600 1664 1856 2160  1200 1201 1204 1250 +hsync +vsync (75.0 kHz e)
[   212.260] (II) modeset(0): Modeline "1680x1050"x60.0  146.25  1680 1784 1960 2240  1050 1053 1059 1089 -hsync +vsync (65.3 kHz e)
[   212.260] (II) modeset(0): Modeline "1680x1050"x59.9  119.00  1680 1728 1760 1840  1050 1053 1059 1080 +hsync -vsync (64.7 kHz e)
[   212.260] (II) modeset(0): Modeline "1400x1050"x60.0  121.75  1400 1488 1632 1864  1050 1053 1057 1089 -hsync +vsync (65.3 kHz e)
[   212.260] (II) modeset(0): Modeline "1400x1050"x59.9  101.00  1400 1448 1480 1560  1050 1053 1057 1080 +hsync -vsync (64.7 kHz e)
[   212.260] (II) modeset(0): Modeline "1600x900"x60.0  108.00  1600 1624 1704 1800  900 901 904 1000 +hsync +vsync (60.0 kHz e)
[   212.260] (II) modeset(0): Modeline "1280x1024"x60.0  108.00  1280 1328 1440 1688  1024 1025 1028 1066 +hsync +vsync (64.0 kHz e)
[   212.260] (II) modeset(0): Modeline "1440x900"x59.9  106.50  1440 1520 1672 1904  900 903 909 934 -hsync +vsync (55.9 kHz e)
[   212.260] (II) modeset(0): Modeline "1440x900"x59.9   88.75  1440 1488 1520 1600  900 903 909 926 +hsync -vsync (55.5 kHz e)
[   212.260] (II) modeset(0): Modeline "1280x960"x60.0  108.00  1280 1376 1488 1800  960 961 964 1000 +hsync +vsync (60.0 kHz e)
[   212.260] (II) modeset(0): Modeline "1366x768"x59.8   85.50  1366 1436 1579 1792  768 771 774 798 +hsync +vsync (47.7 kHz e)
[   212.261] (II) modeset(0): Modeline "1366x768"x60.0   72.00  1366 1380 1436 1500  768 769 772 800 +hsync +vsync (48.0 kHz e)
[   212.261] (II) modeset(0): Modeline "1360x768"x60.0   85.50  1360 1424 1536 1792  768 771 777 795 +hsync +vsync (47.7 kHz e)
[   212.261] (II) modeset(0): Modeline "1280x800"x59.8   83.50  1280 1352 1480 1680  800 803 809 831 -hsync +vsync (49.7 kHz e)
[   212.261] (II) modeset(0): Modeline "1280x800"x59.9   71.00  1280 1328 1360 1440  800 803 809 823 +hsync -vsync (49.3 kHz e)
[   212.261] (II) modeset(0): Modeline "1280x768"x59.9   79.50  1280 1344 1472 1664  768 771 778 798 -hsync +vsync (47.8 kHz e)
[   212.261] (II) modeset(0): Modeline "1280x768"x60.0   68.25  1280 1328 1360 1440  768 771 778 790 +hsync -vsync (47.4 kHz e)
[   212.261] (II) modeset(0): Modeline "1280x720"x60.0   74.25  1280 1390 1430 1650  720 725 730 750 +hsync +vsync (45.0 kHz e)
[   212.261] (II) modeset(0): Modeline "800x600"x60.3   40.00  800 840 968 1056  600 601 605 628 +hsync +vsync (37.9 kHz e)
[   212.261] (II) modeset(0): Modeline "800x600"x56.2   36.00  800 824 896 1024  600 601 603 625 +hsync +vsync (35.2 kHz e)
[   212.261] (II) modeset(0): Modeline "848x480"x60.0   33.75  848 864 976 1088  480 486 494 517 +hsync +vsync (31.0 kHz e)
[   212.261] (II) modeset(0): Modeline "640x480"x59.9   25.18  640 656 752 800  480 490 492 525 -hsync -vsync (31.5 kHz e)
[   212.261] (II) modeset(0): Output Virtual-1 connected
[   212.261] (II) modeset(0): Using exact sizes for initial modes
[   212.261] (II) modeset(0): Output Virtual-1 using initial mode 1024x768 +0+0
[   212.261] (==) modeset(0): Using gamma correction (1.0, 1.0, 1.0)
[   212.261] (==) modeset(0): DPI set to (96, 96)
[   212.261] (II) Loading sub module "fb"
[   212.261] (II) LoadModule: "fb"
[   212.261] (II) Loading /usr/lib64/xorg/modules/libfb.so
[   212.261] (II) Module fb: vendor="X.Org Foundation"
[   212.261] 	compiled for 1.20.3, module version = 1.0.0
[   212.261] 	ABI class: X.Org ANSI C Emulation, version 0.4
[   212.261] (II) UnloadModule: "fbdev"
[   212.261] (II) Unloading fbdev
[   212.261] (II) UnloadSubModule: "fbdevhw"
[   212.261] (II) Unloading fbdevhw
[   212.261] (II) UnloadModule: "vesa"
[   212.261] (II) Unloading vesa
[   212.261] (==) modeset(0): Backing store enabled
[   212.261] (==) modeset(0): Silken mouse enabled
[   212.262] (II) modeset(0): Initializing kms color map for depth 24, 8 bpc.
[   212.262] (==) modeset(0): DPMS enabled
[   212.262] (II) Initializing extension Generic Event Extension
[   212.262] (II) Initializing extension SHAPE
[   212.262] (II) Initializing extension MIT-SHM
[   212.262] (II) Initializing extension XInputExtension
[   212.262] (II) Initializing extension XTEST
[   212.262] (II) Initializing extension BIG-REQUESTS
[   212.262] (II) Initializing extension SYNC
[   212.263] (II) Initializing extension XKEYBOARD
[   212.263] (II) Initializing extension XC-MISC
[   212.263] (II) Initializing extension XFIXES
[   212.263] (II) Initializing extension RENDER
[   212.263] (II) Initializing extension RANDR
[   212.263] (II) Initializing extension COMPOSITE
[   212.263] (II) Initializing extension DAMAGE
[   212.264] (II) Initializing extension MIT-SCREEN-SAVER
[   212.264] (II) Initializing extension DOUBLE-BUFFER
[   212.264] (II) Initializing extension RECORD
[   212.264] (II) Initializing extension DPMS
[   212.264] (II) Initializing extension Present
[   212.264] (II) Initializing extension DRI3
[   212.264] (II) Initializing extension X-Resource
[   212.264] (II) Initializing extension XVideo
[   212.264] (II) Initializing extension XVideo-MotionCompensation
[   212.264] (II) Initializing extension SELinux
[   212.264] (II) SELinux: Disabled by boolean
[   212.264] (II) Initializing extension GLX
[   212.264] (II) AIGLX: Screen 0 is not DRI2 capable
[   212.269] (II) IGLX: Loaded and initialized swrast
[   212.269] (II) GLX: Initialized DRISWRAST GL provider for screen 0
[   212.269] (II) Initializing extension XFree86-VidModeExtension
[   212.269] (II) Initializing extension XFree86-DGA
[   212.269] (II) Initializing extension XFree86-DRI
[   212.269] (II) Initializing extension DRI2
[   212.269] (II) modeset(0): Damage tracking initialized
[   212.269] (II) modeset(0): Setting screen physical size to 270 x 203
[   212.294] (II) config/udev: Adding input device Power Button (/dev/input/event0)
[   212.294] (**) Power Button: Applying InputClass "evdev keyboard catchall"
[   212.294] (**) Power Button: Applying InputClass "libinput keyboard catchall"
[   212.294] (II) LoadModule: "libinput"
[   212.294] (II) Loading /usr/lib64/xorg/modules/input/libinput_drv.so
[   212.302] (II) Module libinput: vendor="X.Org Foundation"
[   212.302] 	compiled for 1.20.1, module version = 0.28.0
[   212.302] 	Module class: X.Org XInput Driver
[   212.302] 	ABI class: X.Org XInput driver, version 24.1
[   212.302] (II) Using input driver 'libinput' for 'Power Button'
[   212.302] (II) systemd-logind: got fd for /dev/input/event0 13:64 fd 21 paused 0
[   212.302] (**) Power Button: always reports core events
[   212.302] (**) Option "Device" "/dev/input/event0"
[   212.302] (**) Option "_source" "server/udev"
[   212.304] (II) event0  - Power Button: is tagged by udev as: Keyboard
[   212.304] (II) event0  - Power Button: device is a keyboard
[   212.304] (II) event0  - Power Button: device removed
[   212.304] (**) Option "config_info" "udev:/sys/devices/LNXSYSTM:00/LNXPWRBN:00/input/input0/event0"
[   212.304] (II) XINPUT: Adding extended input device "Power Button" (type: KEYBOARD, id 6)
[   212.304] (II) event0  - Power Button: is tagged by udev as: Keyboard
[   212.304] (II) event0  - Power Button: device is a keyboard
[   212.305] (II) config/udev: Adding input device QEMU QEMU USB Tablet (/dev/input/event4)
[   212.305] (**) QEMU QEMU USB Tablet: Applying InputClass "evdev pointer catchall"
[   212.305] (**) QEMU QEMU USB Tablet: Applying InputClass "libinput pointer catchall"
[   212.305] (II) Using input driver 'libinput' for 'QEMU QEMU USB Tablet'
[   212.306] (II) systemd-logind: got fd for /dev/input/event4 13:68 fd 24 paused 0
[   212.306] (**) QEMU QEMU USB Tablet: always reports core events
[   212.306] (**) Option "Device" "/dev/input/event4"
[   212.306] (**) Option "_source" "server/udev"
[   212.306] (II) event4  - QEMU QEMU USB Tablet: is tagged by udev as: Mouse
[   212.307] (II) event4  - QEMU QEMU USB Tablet: device is a pointer
[   212.307] (II) event4  - QEMU QEMU USB Tablet: device removed
[   212.307] (**) Option "config_info" "udev:/sys/devices/pci0000:00/0000:00:01.2/usb1/1-1/1-1:1.0/0003:0627:0001.0001/input/input5/event4"
[   212.307] (II) XINPUT: Adding extended input device "QEMU QEMU USB Tablet" (type: MOUSE, id 7)
[   212.307] (**) Option "AccelerationScheme" "none"
[   212.307] (**) QEMU QEMU USB Tablet: (accel) selected scheme none/0
[   212.307] (**) QEMU QEMU USB Tablet: (accel) acceleration factor: 2.000
[   212.307] (**) QEMU QEMU USB Tablet: (accel) acceleration threshold: 4
[   212.307] (II) event4  - QEMU QEMU USB Tablet: is tagged by udev as: Mouse
[   212.308] (II) event4  - QEMU QEMU USB Tablet: device is a pointer
[   212.308] (II) config/udev: Adding input device QEMU QEMU USB Tablet (/dev/input/js0)
[   212.308] (II) No input driver specified, ignoring this device.
[   212.308] (II) This device may have been added with another device file.
[   212.308] (II) config/udev: Adding input device QEMU QEMU USB Tablet (/dev/input/mouse2)
[   212.308] (II) No input driver specified, ignoring this device.
[   212.308] (II) This device may have been added with another device file.
[   212.309] (II) config/udev: Adding input device AT Translated Set 2 keyboard (/dev/input/event1)
[   212.309] (**) AT Translated Set 2 keyboard: Applying InputClass "evdev keyboard catchall"
[   212.309] (**) AT Translated Set 2 keyboard: Applying InputClass "libinput keyboard catchall"
[   212.309] (II) Using input driver 'libinput' for 'AT Translated Set 2 keyboard'
[   212.310] (II) systemd-logind: got fd for /dev/input/event1 13:65 fd 25 paused 0
[   212.310] (**) AT Translated Set 2 keyboard: always reports core events
[   212.310] (**) Option "Device" "/dev/input/event1"
[   212.310] (**) Option "_source" "server/udev"
[   212.311] (II) event1  - AT Translated Set 2 keyboard: is tagged by udev as: Keyboard
[   212.311] (II) event1  - AT Translated Set 2 keyboard: device is a keyboard
[   212.311] (II) event1  - AT Translated Set 2 keyboard: device removed
[   212.311] (**) Option "config_info" "udev:/sys/devices/platform/i8042/serio0/input/input1/event1"
[   212.311] (II) XINPUT: Adding extended input device "AT Translated Set 2 keyboard" (type: KEYBOARD, id 8)
[   212.311] (II) event1  - AT Translated Set 2 keyboard: is tagged by udev as: Keyboard
[   212.311] (II) event1  - AT Translated Set 2 keyboard: device is a keyboard
[   212.312] (II) config/udev: Adding input device VirtualPS/2 VMware VMMouse (/dev/input/event3)
[   212.312] (**) VirtualPS/2 VMware VMMouse: Applying InputClass "evdev pointer catchall"
[   212.312] (**) VirtualPS/2 VMware VMMouse: Applying InputClass "libinput pointer catchall"
[   212.312] (II) Using input driver 'libinput' for 'VirtualPS/2 VMware VMMouse'
[   212.312] (II) systemd-logind: got fd for /dev/input/event3 13:67 fd 26 paused 0
[   212.312] (**) VirtualPS/2 VMware VMMouse: always reports core events
[   212.312] (**) Option "Device" "/dev/input/event3"
[   212.312] (**) Option "_source" "server/udev"
[   212.313] (II) event3  - VirtualPS/2 VMware VMMouse: is tagged by udev as: Mouse
[   212.313] (II) event3  - VirtualPS/2 VMware VMMouse: device is a pointer
[   212.313] (II) event3  - VirtualPS/2 VMware VMMouse: device removed
[   212.313] (**) Option "config_info" "udev:/sys/devices/platform/i8042/serio1/input/input3/event3"
[   212.313] (II) XINPUT: Adding extended input device "VirtualPS/2 VMware VMMouse" (type: MOUSE, id 9)
[   212.313] (**) Option "AccelerationScheme" "none"
[   212.313] (**) VirtualPS/2 VMware VMMouse: (accel) selected scheme none/0
[   212.313] (**) VirtualPS/2 VMware VMMouse: (accel) acceleration factor: 2.000
[   212.313] (**) VirtualPS/2 VMware VMMouse: (accel) acceleration threshold: 4
[   212.314] (II) event3  - VirtualPS/2 VMware VMMouse: is tagged by udev as: Mouse
[   212.314] (II) event3  - VirtualPS/2 VMware VMMouse: device is a pointer
[   212.314] (II) config/udev: Adding input device VirtualPS/2 VMware VMMouse (/dev/input/mouse1)
[   212.314] (II) No input driver specified, ignoring this device.
[   212.314] (II) This device may have been added with another device file.
[   212.314] (II) config/udev: Adding input device VirtualPS/2 VMware VMMouse (/dev/input/event2)
[   212.314] (**) VirtualPS/2 VMware VMMouse: Applying InputClass "evdev pointer catchall"
[   212.314] (**) VirtualPS/2 VMware VMMouse: Applying InputClass "libinput pointer catchall"
[   212.314] (II) Using input driver 'libinput' for 'VirtualPS/2 VMware VMMouse'
[   212.315] (II) systemd-logind: got fd for /dev/input/event2 13:66 fd 27 paused 0
[   212.315] (**) VirtualPS/2 VMware VMMouse: always reports core events
[   212.315] (**) Option "Device" "/dev/input/event2"
[   212.315] (**) Option "_source" "server/udev"
[   212.315] (II) event2  - VirtualPS/2 VMware VMMouse: is tagged by udev as: Mouse
[   212.315] (II) event2  - VirtualPS/2 VMware VMMouse: device is a pointer
[   212.315] (II) event2  - VirtualPS/2 VMware VMMouse: device removed
[   212.315] (**) Option "config_info" "udev:/sys/devices/platform/i8042/serio1/input/input4/event2"
[   212.315] (II) XINPUT: Adding extended input device "VirtualPS/2 VMware VMMouse" (type: MOUSE, id 10)
[   212.316] (**) Option "AccelerationScheme" "none"
[   212.316] (**) VirtualPS/2 VMware VMMouse: (accel) selected scheme none/0
[   212.316] (**) VirtualPS/2 VMware VMMouse: (accel) acceleration factor: 2.000
[   212.316] (**) VirtualPS/2 VMware VMMouse: (accel) acceleration threshold: 4
[   212.316] (II) event2  - VirtualPS/2 VMware VMMouse: is tagged by udev as: Mouse
[   212.316] (II) event2  - VirtualPS/2 VMware VMMouse: device is a pointer
[   212.316] (II) config/udev: Adding input device VirtualPS/2 VMware VMMouse (/dev/input/mouse0)
[   212.317] (II) No input driver specified, ignoring this device.
[   212.317] (II) This device may have been added with another device file.
[   212.317] (II) config/udev: Adding input device PC Speaker (/dev/input/event5)
[   212.317] (II) No input driver specified, ignoring this device.
[   212.317] (II) This device may have been added with another device file.
[   212.973] (II) modeset(0): Disabling kernel dirty updates, not required.
